<?xml version="1.0" encoding="UTF-8"?>
<!-- Generated by org.testng.reporters.JUnitXMLReporter -->
<testsuite hostname="ATMECSINLT-087" ignored="3" name="Test" tests="4" failures="1" timestamp="30 Aug 2019 12:14:25 GMT" time="48.506" errors="0">
  <testcase name="loginPageTest" time="29.828" classname="com.atmecs.booikng.testscripts.LoginPageTest"/>
  <testcase name="flightDetails" time="7.995" classname="com.atmecs.booikng.testscripts.ChooseFlight"/>
  <testcase name="selectFlight" time="3.109" classname="com.atmecs.booikng.testscripts.SelectFlightPageTest"/>
  <testcase name="bookFlight" time="7.497" classname="com.atmecs.booikng.testscripts.Flight_Book">
    <failure type="org.openqa.selenium.InvalidSelectorException" message="invalid selector: Unable to locate an element with the xpath expression //input[@name=&amp;apos;billAddress1 because of the following error:
SyntaxError: Failed to execute &amp;apos;evaluate&amp;apos; on &amp;apos;Document&amp;apos;: The string &amp;apos;//input[@name=&amp;apos;billAddress1&amp;apos; is not a valid XPath expression.
  (Session info: chrome=76.0.3809.132)
For documentation on this error, please visit: https://www.seleniumhq.org/exceptions/invalid_selector_exception.html
Build info: version: &amp;apos;3.141.59&amp;apos;, revision: &amp;apos;e82be7d358&amp;apos;, time: &amp;apos;2018-11-14T08:17:03&amp;apos;
System info: host: &amp;apos;ATMECSINLT-087&amp;apos;, ip: &amp;apos;55.55.52.236&amp;apos;, os.name: &amp;apos;Windows 10&amp;apos;, os.arch: &amp;apos;amd64&amp;apos;, os.version: &amp;apos;10.0&amp;apos;, java.version: &amp;apos;1.8.0_221&amp;apos;
Driver info: org.openqa.selenium.chrome.ChromeDriver
Capabilities {acceptInsecureCerts: false, browserName: chrome, browserVersion: 76.0.3809.132, chrome: {chromedriverVersion: 76.0.3809.126 (d80a294506b4..., userDataDir: C:\Users\ARJUN~1.SAN\AppDat...}, goog:chromeOptions: {debuggerAddress: localhost:56960}, javascriptEnabled: true, networkConnectionEnabled: false, pageLoadStrategy: normal, platform: XP, platformName: XP, proxy: Proxy(), setWindowRect: true, strictFileInteractability: false, timeouts: {implicit: 0, pageLoad: 300000, script: 30000}, unhandledPromptBehavior: dismiss and notify}
Session ID: 6e7c8414f6711ddaf230b236695c659a
*** Element info: {Using=xpath, value=//input[@name=&amp;apos;billAddress1}">
      <![CDATA[org.openqa.selenium.InvalidSelectorException: invalid selector: Unable to locate an element with the xpath expression //input[@name='billAddress1 because of the following error:
SyntaxError: Failed to execute 'evaluate' on 'Document': The string '//input[@name='billAddress1' is not a valid XPath expression.
  (Session info: chrome=76.0.3809.132)
For documentation on this error, please visit: https://www.seleniumhq.org/exceptions/invalid_selector_exception.html
Build info: version: '3.141.59', revision: 'e82be7d358', time: '2018-11-14T08:17:03'
System info: host: 'ATMECSINLT-087', ip: '55.55.52.236', os.name: 'Windows 10', os.arch: 'amd64', os.version: '10.0', java.version: '1.8.0_221'
Driver info: org.openqa.selenium.chrome.ChromeDriver
Capabilities {acceptInsecureCerts: false, browserName: chrome, browserVersion: 76.0.3809.132, chrome: {chromedriverVersion: 76.0.3809.126 (d80a294506b4..., userDataDir: C:\Users\ARJUN~1.SAN\AppDat...}, goog:chromeOptions: {debuggerAddress: localhost:56960}, javascriptEnabled: true, networkConnectionEnabled: false, pageLoadStrategy: normal, platform: XP, platformName: XP, proxy: Proxy(), setWindowRect: true, strictFileInteractability: false, timeouts: {implicit: 0, pageLoad: 300000, script: 30000}, unhandledPromptBehavior: dismiss and notify}
Session ID: 6e7c8414f6711ddaf230b236695c659a
*** Element info: {Using=xpath, value=//input[@name='billAddress1}
at org.openqa.selenium.remote.http.W3CHttpResponseCodec.createException(W3CHttpResponseCodec.java:187)
at org.openqa.selenium.remote.http.W3CHttpResponseCodec.decode(W3CHttpResponseCodec.java:122)
at org.openqa.selenium.remote.http.W3CHttpResponseCodec.decode(W3CHttpResponseCodec.java:49)
at org.openqa.selenium.remote.HttpCommandExecutor.execute(HttpCommandExecutor.java:158)
at org.openqa.selenium.remote.service.DriverCommandExecutor.execute(DriverCommandExecutor.java:83)
at org.openqa.selenium.remote.RemoteWebDriver.execute(RemoteWebDriver.java:552)
at org.openqa.selenium.remote.RemoteWebDriver.findElement(RemoteWebDriver.java:323)
at org.openqa.selenium.remote.RemoteWebDriver.findElementByXPath(RemoteWebDriver.java:428)
at org.openqa.selenium.By$ByXPath.findElement(By.java:353)
at org.openqa.selenium.remote.RemoteWebDriver.findElement(RemoteWebDriver.java:315)
at com.atmecs.booikng.testscripts.Flight_Book.bookFlight(Flight_Book.java:49)
... Removed 29 stack frames]]>
    </failure>
  </testcase> <!-- bookFlight -->
  <testcase name="@BeforeSuite browserSetup" time="0.0" classname="com.atmecs.booking.testbase.DriverSetup">
    <ignored/>
  </testcase> <!-- @BeforeSuite browserSetup -->
  <testcase name="@BeforeSuite browserSetup" time="0.0" classname="com.atmecs.booking.testbase.DriverSetup">
    <ignored/>
  </testcase> <!-- @BeforeSuite browserSetup -->
  <testcase name="@BeforeSuite browserSetup" time="0.0" classname="com.atmecs.booking.testbase.DriverSetup">
    <ignored/>
  </testcase> <!-- @BeforeSuite browserSetup -->
</testsuite> <!-- Test -->
